<?xml version="1.0" encoding="UTF-8"?>
<testsuite xmlns:xsi="http://www.w3.org/2001/XMLSchema-instance" xsi:noNamespaceSchemaLocation="https://maven.apache.org/surefire/maven-surefire-plugin/xsd/surefire-test-report-3.0.xsd" version="3.0" name="ge.pawn.PawnBackendApplicationTests" time="9.49" tests="1" errors="0" skipped="0" failures="0">
  <properties>
[...]
</properties>
  <testcase name="contextLoads" classname="ge.pawn.PawnBackendApplicationTests" time="0.713">
    <system-out><![CDATA[12:10:29.320 [main] INFO org.springframework.test.context.support.AnnotationConfigContextLoaderUtils -- Could not detect default configuration classes for test class [ge.pawn.PawnBackendApplicationTests]: PawnBackendApplicationTests does not declare any static, non-private, non-final, nested classes annotated with @Configuration.
12:10:29.431 [main] INFO org.springframework.boot.test.context.SpringBootTestContextBootstrapper -- Found @SpringBootConfiguration ge.pawn.PawnBackendApplication for test class ge.pawn.PawnBackendApplicationTests

  .   ____          _            __ _ _
 /\\ / ___'_ __ _ _(_)_ __  __ _ \ \ \ \
( ( )\___ | '_ | '_| | '_ \/ _` | \ \ \ \
 \\/  ___)| |_)| | | | | || (_| |  ) ) ) )
  '  |____| .__|_| |_|_| |_\__, | / / / /
 =========|_|==============|___/=/_/_/_/
 :: Spring Boot ::                (v3.2.4)

2026-09-23T12:10:29.934Z  INFO 4696 --- [pawn-backend] [           main] ge.pawn.PawnBackendApplicationTests      : Starting PawnBackendApplicationTests using Java 17.0.20 with PID 4696 (started by root in /workspace/pawn-ge/backend)
2026-09-23T12:10:29.935Z  INFO 4696 --- [pawn-backend] [           main] ge.pawn.PawnBackendApplicationTests      : No active profile set, falling back to 1 default profile: "default"
2026-09-23T12:10:31.421Z  INFO 4696 --- [pawn-backend] [           main] .s.d.r.c.RepositoryConfigurationDelegate : Bootstrapping Spring Data JPA repositories in DEFAULT mode.
2026-09-23T12:10:31.552Z  INFO 4696 --- [pawn-backend] [           main] .s.d.r.c.RepositoryConfigurationDelegate : Finished Spring Data repository scanning in 126 ms. Found 5 JPA repository interfaces.
2026-09-23T12:10:32.616Z  INFO 4696 --- [pawn-backend] [           main] o.hibernate.jpa.internal.util.LogHelper  : HHH000204: Processing PersistenceUnitInfo [name: default]
2026-09-23T12:10:32.735Z  INFO 4696 --- [pawn-backend] [           main] org.hibernate.Version                    : HHH000412: Hibernate ORM core version 6.4.4.Final
2026-09-23T12:10:32.756Z  INFO 4696 --- [pawn-backend] [           main] o.h.c.internal.RegionFactoryInitiator    : HHH000026: Second-level cache disabled
2026-09-23T12:10:33.031Z  INFO 4696 --- [pawn-backend] [           main] o.s.o.j.p.SpringPersistenceUnitInfo      : No LoadTimeWeaver setup: ignoring JPA class transformer
2026-09-23T12:10:33.045Z  INFO 4696 --- [pawn-backend] [           main] com.zaxxer.hikari.HikariDataSource       : HikariPool-1 - Starting...
2026-09-23T12:10:33.252Z  INFO 4696 --- [pawn-backend] [           main] com.zaxxer.hikari.pool.HikariPool        : HikariPool-1 - Added connection conn0: url=jdbc:h2:mem:pawndb user=SA
2026-09-23T12:10:33.253Z  INFO 4696 --- [pawn-backend] [           main] com.zaxxer.hikari.HikariDataSource       : HikariPool-1 - Start completed.
2026-09-23T12:10:33.322Z  WARN 4696 --- [pawn-backend] [           main] org.hibernate.orm.deprecation            : HHH90000025: H2Dialect does not need to be specified explicitly using 'hibernate.dialect' (remove the property setting and it will be selected by default)
2026-09-23T12:10:34.932Z  INFO 4696 --- [pawn-backend] [           main] o.h.e.t.j.p.i.JtaPlatformInitiator       : HHH000489: No JTA platform available (set 'hibernate.transaction.jta.platform' to enable JTA platform integration)
Hibernate: drop table if exists audit_logs cascade 
Hibernate: drop table if exists branches cascade 
Hibernate: drop table if exists lombard_applications cascade 
Hibernate: drop table if exists lombards cascade 
Hibernate: drop table if exists product_images cascade 
Hibernate: drop table if exists products cascade 
Hibernate: drop table if exists users cascade 
Hibernate: create table audit_logs (timestamp timestamp(6) with time zone not null, entity_id uuid not null, id uuid not null, lombard_id uuid not null, action varchar(255) not null, entity_type varchar(255) not null, ip_address varchar(255) not null, new_value TEXT, previous_value TEXT, user_agent varchar(255) not null, user_id varchar(255) not null, user_name varchar(255) not null, primary key (id))
Hibernate: create table branches (active boolean not null, latitude float(53), longitude float(53), created_at timestamp(6) not null, id bigint generated by default as identity, lombard_id bigint not null, updated_at timestamp(6), address varchar(255), email varchar(255), name varchar(255) not null, phone_number varchar(255) not null, primary key (id))
Hibernate: create table lombard_applications (branch_count integer, delivery_available boolean, pickup_available boolean, applicant_user_id bigint not null, created_at timestamp(6) not null, id bigint generated by default as identity, lombard_id bigint, reviewed_at timestamp(6) with time zone, reviewer_id bigint, submitted_at timestamp(6) with time zone, updated_at timestamp(6), review_notes varchar(2000), address varchar(255), categories varchar(255), contact_name varchar(255), display_name varchar(255), email varchar(255), legal_name varchar(255), phone varchar(255), status varchar(255) not null check (status in ('PENDING','MORE_INFORMATION_REQUIRED','APPROVED','REJECTED')), tax_id varchar(255), website varchar(255), working_hours varchar(255), primary key (id))
Hibernate: create table lombards (active boolean not null, latitude float(53), longitude float(53), created_at timestamp(6) not null, id bigint generated by default as identity, updated_at timestamp(6), address varchar(255), cover_image_url varchar(255), description varchar(255), email varchar(255) not null, logo_url varchar(255), name varchar(255) not null unique, phone_number varchar(255) not null, slug varchar(255) not null unique, website varchar(255), primary key (id))
Hibernate: create table product_images (display_order integer not null, is_primary boolean not null, created_at timestamp(6) not null, id bigint generated by default as identity, product_id bigint not null, updated_at timestamp(6), alt_text varchar(255), image_url varchar(255) not null, s3key varchar(255) not null, primary key (id))
Hibernate: create table products (price numeric(10,2) not null, quantity integer not null, branch_id bigint, created_at timestamp(6) not null, id bigint generated by default as identity, lombard_id bigint not null, updated_at timestamp(6), battery_health varchar(255), brand varchar(255) not null, category varchar(255) not null, color varchar(255), condition varchar(255) not null check (condition in ('NEW','EXCELLENT','GOOD','FAIR','POOR')), description TEXT, imei varchar(255), imei2 varchar(255), model varchar(255) not null, serial_number varchar(255), status varchar(255) not null check (status in ('DRAFT','PENDING_APPROVAL','ACTIVE','RESERVED','SOLD','ARCHIVED','AVAILABLE','UNAVAILABLE')), storage varchar(255), title varchar(255) not null, primary key (id))
Hibernate: create table users (enabled boolean not null, created_at timestamp(6) not null, id bigint generated by default as identity, lombard_id bigint, updated_at timestamp(6), email varchar(255) not null unique, first_name varchar(255) not null, last_name varchar(255), password varchar(255) not null, phone_number varchar(255) not null, refresh_token varchar(255), role varchar(255) not null check (role in ('CUSTOMER','LOMBARD_ADMIN','LOMBARD_EMPLOYEE','SUPER_ADMIN')), primary key (id))
Hibernate: alter table if exists branches add constraint FKdljxvcrf30iklnpo3b1e0655l foreign key (lombard_id) references lombards
Hibernate: alter table if exists product_images add constraint FKqnq71xsohugpqwf3c9gxmsuy foreign key (product_id) references products
Hibernate: alter table if exists users add constraint FKb5c5gd4cbajh6hvmjyyvg80v4 foreign key (lombard_id) references lombards
2026-09-23T12:10:35.040Z  INFO 4696 --- [pawn-backend] [           main] j.LocalContainerEntityManagerFactoryBean : Initialized JPA EntityManagerFactory for persistence unit 'default'
2026-09-23T12:10:36.449Z  WARN 4696 --- [pawn-backend] [           main] JpaBaseConfiguration$JpaWebConfiguration : spring.jpa.open-in-view is enabled by default. Therefore, database queries may be performed during view rendering. Explicitly configure spring.jpa.open-in-view to disable this warning
2026-09-23T12:10:37.142Z  INFO 4696 --- [pawn-backend] [           main] o.s.s.web.DefaultSecurityFilterChain     : Will secure any request with [org.springframework.security.web.session.DisableEncodeUrlFilter@6f78c132, org.springframework.security.web.context.request.async.WebAsyncManagerIntegrationFilter@2a4bee4e, org.springframework.security.web.context.SecurityContextHolderFilter@57e83608, org.springframework.security.web.header.HeaderWriterFilter@20673498, org.springframework.web.filter.CorsFilter@7127f04b, org.springframework.security.web.authentication.logout.LogoutFilter@5add0cc0, ge.pawn.security.JwtAuthFilter@89dd102, org.springframework.security.web.savedrequest.RequestCacheAwareFilter@2f726cf4, org.springframework.security.web.servletapi.SecurityContextHolderAwareRequestFilter@514eefc4, org.springframework.security.web.authentication.AnonymousAuthenticationFilter@6ba19932, org.springframework.security.web.session.SessionManagementFilter@12d24c43, org.springframework.security.web.access.ExceptionTranslationFilter@63893cf6, org.springframework.security.web.access.intercept.AuthorizationFilter@5a503cf0]
2026-09-23T12:10:37.738Z  INFO 4696 --- [pawn-backend] [           main] o.s.b.a.h2.H2ConsoleAutoConfiguration    : H2 console available at '/h2-console'. Database available at 'jdbc:h2:mem:pawndb'
2026-09-23T12:10:37.817Z  INFO 4696 --- [pawn-backend] [           main] ge.pawn.PawnBackendApplicationTests      : Started PawnBackendApplicationTests in 8.263 seconds (process running for 9.398)
]]></system-out>
  </testcase>
</testsuite>